[2016-09-02 01:52:42] local.ERROR: Symfony\Component\Console\Exception\RuntimeException: Too many arguments. in /Users/rogerle/Lessons/02-lesson-plans/20-Meteor-Laravel-Django/Laravel/1-Class-Content/20.2/Activities/3-Controllers/Examples/vendor/symfony/console/Input/ArgvInput.php:179
Stack trace:
#0 /Users/rogerle/Lessons/02-lesson-plans/20-Meteor-Laravel-Django/Laravel/1-Class-Content/20.2/Activities/3-Controllers/Examples/vendor/symfony/console/Input/ArgvInput.php(88): Symfony\Component\Console\Input\ArgvInput->parseArgument('\xE2\x80\x94resource')
#1 /Users/rogerle/Lessons/02-lesson-plans/20-Meteor-Laravel-Django/Laravel/1-Class-Content/20.2/Activities/3-Controllers/Examples/vendor/symfony/console/Input/Input.php(62): Symfony\Component\Console\Input\ArgvInput->parse()
#2 /Users/rogerle/Lessons/02-lesson-plans/20-Meteor-Laravel-Django/Laravel/1-Class-Content/20.2/Activities/3-Controllers/Examples/vendor/symfony/console/Command/Command.php(221): Symfony\Component\Console\Input\Input->bind(Object(Symfony\Component\Console\Input\InputDefinition))
#3 /Users/rogerle/Lessons/02-lesson-plans/20-Meteor-Laravel-Django/Laravel/1-Class-Content/20.2/Activities/3-Controllers/Examples/vendor/laravel/framework/src/Illuminate/Console/Command.php(155): Symfony\Component\Console\Command\Command->run(Object(Symfony\Component\Console\Input\ArgvInput), Object(Symfony\Component\Console\Output\ConsoleOutput))
#4 /Users/rogerle/Lessons/02-lesson-plans/20-Meteor-Laravel-Django/Laravel/1-Class-Content/20.2/Activities/3-Controllers/Examples/vendor/symfony/console/Application.php(791): Illuminate\Console\Command->run(Object(Symfony\Component\Console\Input\ArgvInput), Object(Symfony\Component\Console\Output\ConsoleOutput))
#5 /Users/rogerle/Lessons/02-lesson-plans/20-Meteor-Laravel-Django/Laravel/1-Class-Content/20.2/Activities/3-Controllers/Examples/vendor/symfony/console/Application.php(186): Symfony\Component\Console\Application->doRunCommand(Object(Illuminate\Routing\Console\ControllerMakeCommand), Object(Symfony\Component\Console\Input\ArgvInput), Object(Symfony\Component\Console\Output\ConsoleOutput))
#6 /Users/rogerle/Lessons/02-lesson-plans/20-Meteor-Laravel-Django/Laravel/1-Class-Content/20.2/Activities/3-Controllers/Examples/vendor/symfony/console/Application.php(117): Symfony\Component\Console\Application->doRun(Object(Symfony\Component\Console\Input\ArgvInput), Object(Symfony\Component\Console\Output\ConsoleOutput))
#7 /Users/rogerle/Lessons/02-lesson-plans/20-Meteor-Laravel-Django/Laravel/1-Class-Content/20.2/Activities/3-Controllers/Examples/vendor/laravel/framework/src/Illuminate/Foundation/Console/Kernel.php(107): Symfony\Component\Console\Application->run(Object(Symfony\Component\Console\Input\ArgvInput), Object(Symfony\Component\Console\Output\ConsoleOutput))
#8 /Users/rogerle/Lessons/02-lesson-plans/20-Meteor-Laravel-Django/Laravel/1-Class-Content/20.2/Activities/3-Controllers/Examples/artisan(35): Illuminate\Foundation\Console\Kernel->handle(Object(Symfony\Component\Console\Input\ArgvInput), Object(Symfony\Component\Console\Output\ConsoleOutput))
#9 {main}  
[2016-09-02 01:52:50] local.ERROR: Symfony\Component\Console\Exception\RuntimeException: The "-â" option does not exist. in /Users/rogerle/Lessons/02-lesson-plans/20-Meteor-Laravel-Django/Laravel/1-Class-Content/20.2/Activities/3-Controllers/Examples/vendor/symfony/console/Input/ArgvInput.php:126
Stack trace:
#0 /Users/rogerle/Lessons/02-lesson-plans/20-Meteor-Laravel-Django/Laravel/1-Class-Content/20.2/Activities/3-Controllers/Examples/vendor/symfony/console/Input/ArgvInput.php(107): Symfony\Component\Console\Input\ArgvInput->parseShortOptionSet('\xE2\x80\x94resource')
#1 /Users/rogerle/Lessons/02-lesson-plans/20-Meteor-Laravel-Django/Laravel/1-Class-Content/20.2/Activities/3-Controllers/Examples/vendor/symfony/console/Input/ArgvInput.php(86): Symfony\Component\Console\Input\ArgvInput->parseShortOption('-\xE2\x80\x94resource')
#2 /Users/rogerle/Lessons/02-lesson-plans/20-Meteor-Laravel-Django/Laravel/1-Class-Content/20.2/Activities/3-Controllers/Examples/vendor/symfony/console/Input/Input.php(62): Symfony\Component\Console\Input\ArgvInput->parse()
#3 /Users/rogerle/Lessons/02-lesson-plans/20-Meteor-Laravel-Django/Laravel/1-Class-Content/20.2/Activities/3-Controllers/Examples/vendor/symfony/console/Command/Command.php(221): Symfony\Component\Console\Input\Input->bind(Object(Symfony\Component\Console\Input\InputDefinition))
#4 /Users/rogerle/Lessons/02-lesson-plans/20-Meteor-Laravel-Django/Laravel/1-Class-Content/20.2/Activities/3-Controllers/Examples/vendor/laravel/framework/src/Illuminate/Console/Command.php(155): Symfony\Component\Console\Command\Command->run(Object(Symfony\Component\Console\Input\ArgvInput), Object(Symfony\Component\Console\Output\ConsoleOutput))
#5 /Users/rogerle/Lessons/02-lesson-plans/20-Meteor-Laravel-Django/Laravel/1-Class-Content/20.2/Activities/3-Controllers/Examples/vendor/symfony/console/Application.php(791): Illuminate\Console\Command->run(Object(Symfony\Component\Console\Input\ArgvInput), Object(Symfony\Component\Console\Output\ConsoleOutput))
#6 /Users/rogerle/Lessons/02-lesson-plans/20-Meteor-Laravel-Django/Laravel/1-Class-Content/20.2/Activities/3-Controllers/Examples/vendor/symfony/console/Application.php(186): Symfony\Component\Console\Application->doRunCommand(Object(Illuminate\Routing\Console\ControllerMakeCommand), Object(Symfony\Component\Console\Input\ArgvInput), Object(Symfony\Component\Console\Output\ConsoleOutput))
#7 /Users/rogerle/Lessons/02-lesson-plans/20-Meteor-Laravel-Django/Laravel/1-Class-Content/20.2/Activities/3-Controllers/Examples/vendor/symfony/console/Application.php(117): Symfony\Component\Console\Application->doRun(Object(Symfony\Component\Console\Input\ArgvInput), Object(Symfony\Component\Console\Output\ConsoleOutput))
#8 /Users/rogerle/Lessons/02-lesson-plans/20-Meteor-Laravel-Django/Laravel/1-Class-Content/20.2/Activities/3-Controllers/Examples/vendor/laravel/framework/src/Illuminate/Foundation/Console/Kernel.php(107): Symfony\Component\Console\Application->run(Object(Symfony\Component\Console\Input\ArgvInput), Object(Symfony\Component\Console\Output\ConsoleOutput))
#9 /Users/rogerle/Lessons/02-lesson-plans/20-Meteor-Laravel-Django/Laravel/1-Class-Content/20.2/Activities/3-Controllers/Examples/artisan(35): Illuminate\Foundation\Console\Kernel->handle(Object(Symfony\Component\Console\Input\ArgvInput), Object(Symfony\Component\Console\Output\ConsoleOutput))
#10 {main}  
[2016-09-02 01:53:02] local.ERROR: Symfony\Component\Console\Exception\RuntimeException: The "-r" option does not exist. in /Users/rogerle/Lessons/02-lesson-plans/20-Meteor-Laravel-Django/Laravel/1-Class-Content/20.2/Activities/3-Controllers/Examples/vendor/symfony/console/Input/ArgvInput.php:126
Stack trace:
#0 /Users/rogerle/Lessons/02-lesson-plans/20-Meteor-Laravel-Django/Laravel/1-Class-Content/20.2/Activities/3-Controllers/Examples/vendor/symfony/console/Input/ArgvInput.php(107): Symfony\Component\Console\Input\ArgvInput->parseShortOptionSet('resource')
#1 /Users/rogerle/Lessons/02-lesson-plans/20-Meteor-Laravel-Django/Laravel/1-Class-Content/20.2/Activities/3-Controllers/Examples/vendor/symfony/console/Input/ArgvInput.php(86): Symfony\Component\Console\Input\ArgvInput->parseShortOption('-resource')
#2 /Users/rogerle/Lessons/02-lesson-plans/20-Meteor-Laravel-Django/Laravel/1-Class-Content/20.2/Activities/3-Controllers/Examples/vendor/symfony/console/Input/Input.php(62): Symfony\Component\Console\Input\ArgvInput->parse()
#3 /Users/rogerle/Lessons/02-lesson-plans/20-Meteor-Laravel-Django/Laravel/1-Class-Content/20.2/Activities/3-Controllers/Examples/vendor/symfony/console/Command/Command.php(221): Symfony\Component\Console\Input\Input->bind(Object(Symfony\Component\Console\Input\InputDefinition))
#4 /Users/rogerle/Lessons/02-lesson-plans/20-Meteor-Laravel-Django/Laravel/1-Class-Content/20.2/Activities/3-Controllers/Examples/vendor/laravel/framework/src/Illuminate/Console/Command.php(155): Symfony\Component\Console\Command\Command->run(Object(Symfony\Component\Console\Input\ArgvInput), Object(Symfony\Component\Console\Output\ConsoleOutput))
#5 /Users/rogerle/Lessons/02-lesson-plans/20-Meteor-Laravel-Django/Laravel/1-Class-Content/20.2/Activities/3-Controllers/Examples/vendor/symfony/console/Application.php(791): Illuminate\Console\Command->run(Object(Symfony\Component\Console\Input\ArgvInput), Object(Symfony\Component\Console\Output\ConsoleOutput))
#6 /Users/rogerle/Lessons/02-lesson-plans/20-Meteor-Laravel-Django/Laravel/1-Class-Content/20.2/Activities/3-Controllers/Examples/vendor/symfony/console/Application.php(186): Symfony\Component\Console\Application->doRunCommand(Object(Illuminate\Routing\Console\ControllerMakeCommand), Object(Symfony\Component\Console\Input\ArgvInput), Object(Symfony\Component\Console\Output\ConsoleOutput))
#7 /Users/rogerle/Lessons/02-lesson-plans/20-Meteor-Laravel-Django/Laravel/1-Class-Content/20.2/Activities/3-Controllers/Examples/vendor/symfony/console/Application.php(117): Symfony\Component\Console\Application->doRun(Object(Symfony\Component\Console\Input\ArgvInput), Object(Symfony\Component\Console\Output\ConsoleOutput))
#8 /Users/rogerle/Lessons/02-lesson-plans/20-Meteor-Laravel-Django/Laravel/1-Class-Content/20.2/Activities/3-Controllers/Examples/vendor/laravel/framework/src/Illuminate/Foundation/Console/Kernel.php(107): Symfony\Component\Console\Application->run(Object(Symfony\Component\Console\Input\ArgvInput), Object(Symfony\Component\Console\Output\ConsoleOutput))
#9 /Users/rogerle/Lessons/02-lesson-plans/20-Meteor-Laravel-Django/Laravel/1-Class-Content/20.2/Activities/3-Controllers/Examples/artisan(35): Illuminate\Foundation\Console\Kernel->handle(Object(Symfony\Component\Console\Input\ArgvInput), Object(Symfony\Component\Console\Output\ConsoleOutput))
#10 {main}  
[2016-09-02 02:03:51] local.ERROR: InvalidArgumentException: Database (sqlite) does not exist. in /Users/rogerle/Lessons/02-lesson-plans/20-Meteor-Laravel-Django/Laravel/1-Class-Content/20.2/Activities/3-Controllers/Examples/vendor/laravel/framework/src/Illuminate/Database/Connectors/SQLiteConnector.php:34
Stack trace:
#0 /Users/rogerle/Lessons/02-lesson-plans/20-Meteor-Laravel-Django/Laravel/1-Class-Content/20.2/Activities/3-Controllers/Examples/vendor/laravel/framework/src/Illuminate/Database/Connectors/ConnectionFactory.php(61): Illuminate\Database\Connectors\SQLiteConnector->connect(Array)
#1 [internal function]: Illuminate\Database\Connectors\ConnectionFactory->Illuminate\Database\Connectors\{closure}()
#2 /Users/rogerle/Lessons/02-lesson-plans/20-Meteor-Laravel-Django/Laravel/1-Class-Content/20.2/Activities/3-Controllers/Examples/vendor/laravel/framework/src/Illuminate/Database/Connection.php(920): call_user_func(Object(Closure))
#3 /Users/rogerle/Lessons/02-lesson-plans/20-Meteor-Laravel-Django/Laravel/1-Class-Content/20.2/Activities/3-Controllers/Examples/vendor/laravel/framework/src/Illuminate/Database/Connection.php(788): Illuminate\Database\Connection->getPdo()
#4 /Users/rogerle/Lessons/02-lesson-plans/20-Meteor-Laravel-Django/Laravel/1-Class-Content/20.2/Activities/3-Controllers/Examples/vendor/laravel/framework/src/Illuminate/Database/Connection.php(673): Illuminate\Database\Connection->reconnectIfMissingConnection()
#5 /Users/rogerle/Lessons/02-lesson-plans/20-Meteor-Laravel-Django/Laravel/1-Class-Content/20.2/Activities/3-Controllers/Examples/vendor/laravel/framework/src/Illuminate/Database/Connection.php(347): Illuminate\Database\Connection->run('select * from s...', Array, Object(Closure))
#6 /Users/rogerle/Lessons/02-lesson-plans/20-Meteor-Laravel-Django/Laravel/1-Class-Content/20.2/Activities/3-Controllers/Examples/vendor/laravel/framework/src/Illuminate/Database/Schema/Builder.php(55): Illuminate\Database\Connection->select('select * from s...', Array)
#7 /Users/rogerle/Lessons/02-lesson-plans/20-Meteor-Laravel-Django/Laravel/1-Class-Content/20.2/Activities/3-Controllers/Examples/vendor/laravel/framework/src/Illuminate/Database/Migrations/DatabaseMigrationRepository.php(141): Illuminate\Database\Schema\Builder->hasTable('migrations')
#8 /Users/rogerle/Lessons/02-lesson-plans/20-Meteor-Laravel-Django/Laravel/1-Class-Content/20.2/Activities/3-Controllers/Examples/vendor/laravel/framework/src/Illuminate/Database/Migrations/Migrator.php(404): Illuminate\Database\Migrations\DatabaseMigrationRepository->repositoryExists()
#9 /Users/rogerle/Lessons/02-lesson-plans/20-Meteor-Laravel-Django/Laravel/1-Class-Content/20.2/Activities/3-Controllers/Examples/vendor/laravel/framework/src/Illuminate/Database/Console/Migrations/MigrateCommand.php(103): Illuminate\Database\Migrations\Migrator->repositoryExists()
#10 /Users/rogerle/Lessons/02-lesson-plans/20-Meteor-Laravel-Django/Laravel/1-Class-Content/20.2/Activities/3-Controllers/Examples/vendor/laravel/framework/src/Illuminate/Database/Console/Migrations/MigrateCommand.php(58): Illuminate\Database\Console\Migrations\MigrateCommand->prepareDatabase()
#11 [internal function]: Illuminate\Database\Console\Migrations\MigrateCommand->fire()
#12 /Users/rogerle/Lessons/02-lesson-plans/20-Meteor-Laravel-Django/Laravel/1-Class-Content/20.2/Activities/3-Controllers/Examples/vendor/laravel/framework/src/Illuminate/Container/Container.php(507): call_user_func_array(Array, Array)
#13 /Users/rogerle/Lessons/02-lesson-plans/20-Meteor-Laravel-Django/Laravel/1-Class-Content/20.2/Activities/3-Controllers/Examples/vendor/laravel/framework/src/Illuminate/Console/Command.php(169): Illuminate\Container\Container->call(Array)
#14 /Users/rogerle/Lessons/02-lesson-plans/20-Meteor-Laravel-Django/Laravel/1-Class-Content/20.2/Activities/3-Controllers/Examples/vendor/symfony/console/Command/Command.php(256): Illuminate\Console\Command->execute(Object(Symfony\Component\Console\Input\ArgvInput), Object(Symfony\Component\Console\Output\ConsoleOutput))
#15 /Users/rogerle/Lessons/02-lesson-plans/20-Meteor-Laravel-Django/Laravel/1-Class-Content/20.2/Activities/3-Controllers/Examples/vendor/laravel/framework/src/Illuminate/Console/Command.php(155): Symfony\Component\Console\Command\Command->run(Object(Symfony\Component\Console\Input\ArgvInput), Object(Symfony\Component\Console\Output\ConsoleOutput))
#16 /Users/rogerle/Lessons/02-lesson-plans/20-Meteor-Laravel-Django/Laravel/1-Class-Content/20.2/Activities/3-Controllers/Examples/vendor/symfony/console/Application.php(791): Illuminate\Console\Command->run(Object(Symfony\Component\Console\Input\ArgvInput), Object(Symfony\Component\Console\Output\ConsoleOutput))
#17 /Users/rogerle/Lessons/02-lesson-plans/20-Meteor-Laravel-Django/Laravel/1-Class-Content/20.2/Activities/3-Controllers/Examples/vendor/symfony/console/Application.php(186): Symfony\Component\Console\Application->doRunCommand(Object(Illuminate\Database\Console\Migrations\MigrateCommand), Object(Symfony\Component\Console\Input\ArgvInput), Object(Symfony\Component\Console\Output\ConsoleOutput))
#18 /Users/rogerle/Lessons/02-lesson-plans/20-Meteor-Laravel-Django/Laravel/1-Class-Content/20.2/Activities/3-Controllers/Examples/vendor/symfony/console/Application.php(117): Symfony\Component\Console\Application->doRun(Object(Symfony\Component\Console\Input\ArgvInput), Object(Symfony\Component\Console\Output\ConsoleOutput))
#19 /Users/rogerle/Lessons/02-lesson-plans/20-Meteor-Laravel-Django/Laravel/1-Class-Content/20.2/Activities/3-Controllers/Examples/vendor/laravel/framework/src/Illuminate/Foundation/Console/Kernel.php(107): Symfony\Component\Console\Application->run(Object(Symfony\Component\Console\Input\ArgvInput), Object(Symfony\Component\Console\Output\ConsoleOutput))
#20 /Users/rogerle/Lessons/02-lesson-plans/20-Meteor-Laravel-Django/Laravel/1-Class-Content/20.2/Activities/3-Controllers/Examples/artisan(35): Illuminate\Foundation\Console\Kernel->handle(Object(Symfony\Component\Console\Input\ArgvInput), Object(Symfony\Component\Console\Output\ConsoleOutput))
#21 {main}  
